models/grammar/digits.gram
models/grammar/en.gram
models/grammar/menu.gram
models/hmm/en-us-semi/README
models/hmm/en-us-semi/feat.params
models/hmm/en-us-semi/mdef
models/hmm/en-us-semi/means
models/hmm/en-us-semi/noisedict
models/hmm/en-us-semi/sendump
models/hmm/en-us-semi/transition_matrices
models/hmm/en-us-semi/variances
models/dict/cmu07a.dic
models/dict/en.dic
models/lm/weather.dmp
models/dict/fr.dic
models/grammar/fr.gram
models/hmm/fr/feat.params
models/hmm/fr/mdef
models/hmm/fr/means
models/hmm/fr/mixture_weights
models/hmm/fr/noisedict
models/hmm/fr/README
models/hmm/fr/sendump
models/hmm/fr/transition_matrices
models/hmm/fr/variances
models/dict/es.dic
models/grammar/es.gram
models/hmm/es/feat.params
models/hmm/es/mdef
models/hmm/es/means
models/hmm/es/mixture_weights
models/hmm/es/noisedict
models/hmm/es/README
models/hmm/es/sendump
models/hmm/es/transition_matrices
models/hmm/es/variances